[0m14:35:58.172785 [debug] [MainThread]: Sending event: {'category': 'dbt', 'action': 'invocation', 'label': 'start', 'context': [<snowplow_tracker.self_describing_json.SelfDescribingJson object at 0x000001BEFA6DF140>, <snowplow_tracker.self_describing_json.SelfDescribingJson object at 0x000001BEFC863FB0>, <snowplow_tracker.self_describing_json.SelfDescribingJson object at 0x000001BEFA06E960>]}


============================== 14:35:58.191332 | a7b1f327-4992-463b-bd5f-7d1cf283cea8 ==============================
[0m14:35:58.191332 [info ] [MainThread]: Running with dbt=1.11.2
[0m14:35:58.192344 [debug] [MainThread]: running dbt with arguments {'version_check': 'True', 'no_print': 'None', 'static_parser': 'True', 'warn_error_options': 'WarnErrorOptionsV2(error=[], warn=[], silence=[])', 'target_path': 'None', 'printer_width': '80', 'write_json': 'True', 'empty': 'None', 'log_cache_events': 'False', 'introspect': 'True', 'cache_selected_only': 'False', 'fail_fast': 'False', 'debug': 'False', 'log_format': 'default', 'partial_parse': 'True', 'send_anonymous_usage_stats': 'True', 'quiet': 'False', 'warn_error': 'None', 'profiles_dir': 'C:\\Users\\louis.loison\\.dbt', 'indirect_selection': 'eager', 'invocation_command': 'dbt init', 'use_colors': 'True', 'use_experimental_parser': 'False', 'log_path': 'logs'}
[0m14:35:58.208764 [info ] [MainThread]: Creating dbt configuration folder at C:\Users\louis.loison\.dbt
[0m14:36:14.942645 [debug] [MainThread]: Starter project path: C:\Users\louis.loison\AppData\Local\Programs\Python\Python312\Lib\site-packages\dbt\include\starter_project
[0m14:36:14.992239 [info ] [MainThread]: 
Your new dbt project "Monitoring_Power_BI" was created!

For more information on how to configure the profiles.yml file,
please consult the dbt documentation here:

  https://docs.getdbt.com/docs/configure-your-profile

One more thing:

Need help? Don't hesitate to reach out to us via GitHub issues or on Slack:

  https://community.getdbt.com/

Happy modeling!

[0m14:36:14.994242 [info ] [MainThread]: Setting up your profile.
[0m14:36:28.960602 [info ] [MainThread]: No sample profile found for fabric.
[0m14:36:28.961605 [debug] [MainThread]: Command `dbt init` succeeded at 14:36:28.961605 after 30.95 seconds
[0m14:36:28.962624 [debug] [MainThread]: Sending event: {'category': 'dbt', 'action': 'invocation', 'label': 'end', 'context': [<snowplow_tracker.self_describing_json.SelfDescribingJson object at 0x000001BEFA6DF140>, <snowplow_tracker.self_describing_json.SelfDescribingJson object at 0x000001BEFE97B950>, <snowplow_tracker.self_describing_json.SelfDescribingJson object at 0x000001BEFD402000>]}
[0m14:36:28.962624 [debug] [MainThread]: Flushing usage events
[0m14:36:29.771967 [debug] [MainThread]: An error was encountered while trying to flush usage events
